Jun 02 09:25:29.265: vmx| Log for VMware Player pid=20980 version=2.5.1 build=build-126130 option=Release
Jun 02 09:25:29.265: vmx| Host codepage=UTF-8 encoding=UTF-8
Jun 02 09:25:29.265: vmx| Hostname=sorny
Jun 02 09:25:29.265: vmx| IP=127.0.0.1 (lo)
Jun 02 09:25:29.265: vmx| IP=192.168.1.90 (eth0)
Jun 02 09:25:29.265: vmx| IP=172.16.170.1 (vmnet1)
Jun 02 09:25:29.265: vmx| IP=172.16.96.1 (vmnet8)
Jun 02 09:25:29.265: vmx| Command line: "/usr/lib/vmware/bin/vmware-vmx" "-#" "product=8;name=VMware Player;version=2.5.1;buildnumber=126130;licensename=VMware Player;licenseversion=6.0 build-126130;" "-@" "pipe=/tmp/vmware-bombax/vmx034d9bf2d4a29683;readyEvent=147" "/home/bombax/workspace/so2/MS-DOS/MS-DOS.vmx"
Jun 02 09:25:29.265: vmx| Msg_SetLocale: HostLocale=UTF-8 UserLocale=NULL
Jun 02 09:25:29.266: vmx| Ready event: 147
Jun 02 09:25:29.326: vmx| UI Connecting to pipe '/tmp/vmware-bombax/vmx034d9bf2d4a29683' with user '(null)'
Jun 02 09:25:29.368: vmx| Setup symlink /var/run/vmware/34435ba59c3720bbbe04600b96f518cd -> /var/run/vmware/bombax_1000/1243945529265886_20980
Jun 02 09:25:29.368: vmx| Sig_Init already initialized 
Jun 02 09:25:29.370: vmx| Transitioned vmx/execState/val to poweredOff
Jun 02 09:25:29.371: vmx| VMMon_GetkHzEstimate: Calculated 2009236 kHz
Jun 02 09:25:29.372: vmx| CPU kHz estimates: vmmon 2009236, cpuinfo 2009410, cpufreq 0. Using 2009236 kHz
Jun 02 09:25:29.372: vmx| CPU # 0 TSC = 9567473790455
Jun 02 09:25:29.372: vmx| CPU # 1 TSC = 9567491643297
Jun 02 09:25:29.372: vmx| TSC delta 17852842
Jun 02 09:25:29.372: vmx| PTSC: RefClockToTSC 1000000Hz -> 2009236000Hz
Jun 02 09:25:29.372: vmx| PTSC: RefClockToTSC ((x * 4213673295) >> 21)
Jun 02 09:25:29.372: vmx| PTSC: using reference clock
Jun 02 09:25:29.373: vmx| CPUID[0] vendor: AuthcAMDenti
Jun 02 09:25:29.373: vmx| CPUID[0]   name: Dual Core AMD Opteron(tm) Processor 170   
Jun 02 09:25:29.373: vmx| CPUID[0] level 00000000, 0: 0x00000001 0x68747541 0x444d4163 0x69746e65
Jun 02 09:25:29.373: vmx| CPUID[0] level 00000001, 0: 0x00020f32 0x00020800 0x00000001 0x178bfbff
Jun 02 09:25:29.373: vmx| CPUID[0] level 80000000, 0: 0x80000018 0x68747541 0x444d4163 0x69746e65
Jun 02 09:25:29.373: vmx| CPUID[0] level 80000001, 0: 0x00020f32 0x00000b05 0x00000003 0xe3d3fbff
Jun 02 09:25:29.373: vmx| CPUID[0] level 80000002, 0: 0x6c617544 0x726f4320 0x4d412065 0x704f2044
Jun 02 09:25:29.373: vmx| CPUID[0] level 80000003, 0: 0x6f726574 0x6d74286e 0x72502029 0x7365636f
Jun 02 09:25:29.373: vmx| CPUID[0] level 80000004, 0: 0x20726f73 0x20303731 0x00002020 0x00000000
Jun 02 09:25:29.373: vmx| CPUID[0] level 80000005, 0: 0xff08ff08 0xff20ff20 0x40020140 0x40020140
Jun 02 09:25:29.373: vmx| CPUID[0] level 80000006, 0: 0x00000000 0x42004200 0x04008140 0x00000000
Jun 02 09:25:29.373: vmx| CPUID[0] level 80000007, 0: 0x00000000 0x00000000 0x00000000 0x0000000f
Jun 02 09:25:29.373: vmx| CPUID[0] level 80000008, 0: 0x00003028 0x00000000 0x00000001 0x00000000
Jun 02 09:25:29.373: vmx| CPUID[0] level 80000009, 0: 0x00000000 0x00000000 0x00000000 0x00000000
Jun 02 09:25:29.373: vmx| CPUID[0] level 8000000a, 0: 0x00000000 0x00000000 0x00000000 0x00000000
Jun 02 09:25:29.373: vmx| CPUID[0] level 8000000b, 0: 0x00000000 0x00000000 0x00000000 0x00000000
Jun 02 09:25:29.373: vmx| CPUID[0] level 8000000c, 0: 0x00000000 0x00000000 0x00000000 0x00000000
Jun 02 09:25:29.373: vmx| CPUID[0] level 8000000d, 0: 0x00000000 0x00000000 0x00000000 0x00000000
Jun 02 09:25:29.373: vmx| CPUID[0] level 8000000e, 0: 0x00000000 0x00000000 0x00000000 0x00000000
Jun 02 09:25:29.373: vmx| CPUID[0] level 8000000f, 0: 0x00000000 0x00000000 0x00000000 0x00000000
Jun 02 09:25:29.373: vmx| CPUID[0] level 80000010, 0: 0x00000000 0x00000000 0x00000000 0x00000000
Jun 02 09:25:29.373: vmx| CPUID[0] level 80000011, 0: 0x00000000 0x00000000 0x00000000 0x00000000
Jun 02 09:25:29.373: vmx| CPUID[0] level 80000012, 0: 0x00000000 0x00000000 0x00000000 0x00000000
Jun 02 09:25:29.373: vmx| CPUID[0] level 80000013, 0: 0x00000000 0x00000000 0x00000000 0x00000000
Jun 02 09:25:29.373: vmx| CPUID[0] level 80000014, 0: 0x00000000 0x00000000 0x00000000 0x00000000
Jun 02 09:25:29.373: vmx| CPUID[0] level 80000015, 0: 0x00000000 0x00000000 0x00000000 0x00000000
Jun 02 09:25:29.373: vmx| CPUID[0] level 80000016, 0: 0x00000000 0x00000000 0x00000000 0x00000000
Jun 02 09:25:29.373: vmx| CPUID[0] level 80000017, 0: 0x00000000 0x00000000 0x00000000 0x00000000
Jun 02 09:25:29.373: vmx| CPUID[0] level 80000018, 0: 0x00000000 0x00000000 0x00000000 0x00000000
Jun 02 09:25:29.373: vmx| CPUID[1] vendor: AuthcAMDenti
Jun 02 09:25:29.373: vmx| CPUID[1]   name: Dual Core AMD Opteron(tm) Processor 170   
Jun 02 09:25:29.373: vmx| CPUID[1] level 00000000, 0: 0x00000001 0x68747541 0x444d4163 0x69746e65
Jun 02 09:25:29.373: vmx| CPUID[1] level 00000001, 0: 0x00020f32 0x01020800 0x00000001 0x178bfbff
Jun 02 09:25:29.373: vmx| CPUID[1] level 80000000, 0: 0x80000018 0x68747541 0x444d4163 0x69746e65
Jun 02 09:25:29.373: vmx| CPUID[1] level 80000001, 0: 0x00020f32 0x00000b05 0x00000003 0xe3d3fbff
Jun 02 09:25:29.373: vmx| CPUID[1] level 80000002, 0: 0x6c617544 0x726f4320 0x4d412065 0x704f2044
Jun 02 09:25:29.373: vmx| CPUID[1] level 80000003, 0: 0x6f726574 0x6d74286e 0x72502029 0x7365636f
Jun 02 09:25:29.373: vmx| CPUID[1] level 80000004, 0: 0x20726f73 0x20303731 0x00002020 0x00000000
Jun 02 09:25:29.373: vmx| CPUID[1] level 80000005, 0: 0xff08ff08 0xff20ff20 0x40020140 0x40020140
Jun 02 09:25:29.373: vmx| CPUID[1] level 80000006, 0: 0x00000000 0x42004200 0x04008140 0x00000000
Jun 02 09:25:29.373: vmx| CPUID[1] level 80000007, 0: 0x00000000 0x00000000 0x00000000 0x0000000f
Jun 02 09:25:29.373: vmx| CPUID[1] level 80000008, 0: 0x00003028 0x00000000 0x00000001 0x00000000
Jun 02 09:25:29.373: vmx| CPUID[1] level 80000009, 0: 0x00000000 0x00000000 0x00000000 0x00000000
Jun 02 09:25:29.373: vmx| CPUID[1] level 8000000a, 0: 0x00000000 0x00000000 0x00000000 0x00000000
Jun 02 09:25:29.373: vmx| CPUID[1] level 8000000b, 0: 0x00000000 0x00000000 0x00000000 0x00000000
Jun 02 09:25:29.373: vmx| CPUID[1] level 8000000c, 0: 0x00000000 0x00000000 0x00000000 0x00000000
Jun 02 09:25:29.373: vmx| CPUID[1] level 8000000d, 0: 0x00000000 0x00000000 0x00000000 0x00000000
Jun 02 09:25:29.373: vmx| CPUID[1] level 8000000e, 0: 0x00000000 0x00000000 0x00000000 0x00000000
Jun 02 09:25:29.373: vmx| CPUID[1] level 8000000f, 0: 0x00000000 0x00000000 0x00000000 0x00000000
Jun 02 09:25:29.373: vmx| CPUID[1] level 80000010, 0: 0x00000000 0x00000000 0x00000000 0x00000000
Jun 02 09:25:29.373: vmx| CPUID[1] level 80000011, 0: 0x00000000 0x00000000 0x00000000 0x00000000
Jun 02 09:25:29.373: vmx| CPUID[1] level 80000012, 0: 0x00000000 0x00000000 0x00000000 0x00000000
Jun 02 09:25:29.373: vmx| CPUID[1] level 80000013, 0: 0x00000000 0x00000000 0x00000000 0x00000000
Jun 02 09:25:29.373: vmx| CPUID[1] level 80000014, 0: 0x00000000 0x00000000 0x00000000 0x00000000
Jun 02 09:25:29.373: vmx| CPUID[1] level 80000015, 0: 0x00000000 0x00000000 0x00000000 0x00000000
Jun 02 09:25:29.373: vmx| CPUID[1] level 80000016, 0: 0x00000000 0x00000000 0x00000000 0x00000000
Jun 02 09:25:29.374: vmx| CPUID[1] level 80000017, 0: 0x00000000 0x00000000 0x00000000 0x00000000
Jun 02 09:25:29.374: vmx| CPUID[1] level 80000018, 0: 0x00000000 0x00000000 0x00000000 0x00000000
Jun 02 09:25:29.374: vmx| hostCPUID vendor: AuthcAMDenti
Jun 02 09:25:29.374: vmx| hostCPUID   name: Dual Core AMD Opteron(tm) Processor 170   
Jun 02 09:25:29.374: vmx| hostCPUID level 00000000, 0: 0x00000001 0x68747541 0x444d4163 0x69746e65
Jun 02 09:25:29.374: vmx| hostCPUID level 00000001, 0: 0x00020f32 0x00020800 0x00000001 0x178bfbff
Jun 02 09:25:29.374: vmx| hostCPUID level 80000000, 0: 0x80000018 0x68747541 0x444d4163 0x69746e65
Jun 02 09:25:29.374: vmx| hostCPUID level 80000001, 0: 0x00020f32 0x00000b05 0x00000003 0xe3d3fbff
Jun 02 09:25:29.374: vmx| hostCPUID level 80000002, 0: 0x6c617544 0x726f4320 0x4d412065 0x704f2044
Jun 02 09:25:29.374: vmx| hostCPUID level 80000003, 0: 0x6f726574 0x6d74286e 0x72502029 0x7365636f
Jun 02 09:25:29.374: vmx| hostCPUID level 80000004, 0: 0x20726f73 0x20303731 0x00002020 0x00000000
Jun 02 09:25:29.374: vmx| hostCPUID level 80000005, 0: 0xff08ff08 0xff20ff20 0x40020140 0x40020140
Jun 02 09:25:29.374: vmx| hostCPUID level 80000006, 0: 0x00000000 0x42004200 0x04008140 0x00000000
Jun 02 09:25:29.374: vmx| hostCPUID level 80000007, 0: 0x00000000 0x00000000 0x00000000 0x0000000f
Jun 02 09:25:29.374: vmx| hostCPUID level 80000008, 0: 0x00003028 0x00000000 0x00000001 0x00000000
Jun 02 09:25:29.374: vmx| hostCPUID level 80000009, 0: 0x00000000 0x00000000 0x00000000 0x00000000
Jun 02 09:25:29.374: vmx| hostCPUID level 8000000a, 0: 0x00000000 0x00000000 0x00000000 0x00000000
Jun 02 09:25:29.374: vmx| hostCPUID level 8000000b, 0: 0x00000000 0x00000000 0x00000000 0x00000000
Jun 02 09:25:29.374: vmx| hostCPUID level 8000000c, 0: 0x00000000 0x00000000 0x00000000 0x00000000
Jun 02 09:25:29.374: vmx| hostCPUID level 8000000d, 0: 0x00000000 0x00000000 0x00000000 0x00000000
Jun 02 09:25:29.374: vmx| hostCPUID level 8000000e, 0: 0x00000000 0x00000000 0x00000000 0x00000000
Jun 02 09:25:29.374: vmx| hostCPUID level 8000000f, 0: 0x00000000 0x00000000 0x00000000 0x00000000
Jun 02 09:25:29.374: vmx| hostCPUID level 80000010, 0: 0x00000000 0x00000000 0x00000000 0x00000000
Jun 02 09:25:29.374: vmx| hostCPUID level 80000011, 0: 0x00000000 0x00000000 0x00000000 0x00000000
Jun 02 09:25:29.374: vmx| hostCPUID level 80000012, 0: 0x00000000 0x00000000 0x00000000 0x00000000
Jun 02 09:25:29.374: vmx| hostCPUID level 80000013, 0: 0x00000000 0x00000000 0x00000000 0x00000000
Jun 02 09:25:29.374: vmx| hostCPUID level 80000014, 0: 0x00000000 0x00000000 0x00000000 0x00000000
Jun 02 09:25:29.374: vmx| hostCPUID level 80000015, 0: 0x00000000 0x00000000 0x00000000 0x00000000
Jun 02 09:25:29.374: vmx| hostCPUID level 80000016, 0: 0x00000000 0x00000000 0x00000000 0x00000000
Jun 02 09:25:29.374: vmx| hostCPUID level 80000017, 0: 0x00000000 0x00000000 0x00000000 0x00000000
Jun 02 09:25:29.374: vmx| hostCPUID level 80000018, 0: 0x00000000 0x00000000 0x00000000 0x00000000
Jun 02 09:25:29.374: vmx| CPUID Maximum Physical Address Bits supported across all CPUs: 40
Jun 02 09:25:29.386: vmx| Host ACPI: SRAT @ 0x3fee92c0
Jun 02 09:25:29.386: vmx| Host: 1 nodes found in SRAT table, with 2 memRanges
Jun 02 09:25:29.390: vmx| ACL_InitCapabilities: current IPC thread
Jun 02 09:25:29.390: vmx| ACL_InitCapabilities: done
Jun 02 09:25:29.390: vmx| changing directory to /home/bombax/workspace/so2/MS-DOS/.
Jun 02 09:25:29.390: vmx| Config file: /home/bombax/workspace/so2/MS-DOS/MS-DOS.vmx
Jun 02 09:25:29.417: vmx| VMXVmdb_LoadRawConfig: Loading raw config
Jun 02 09:25:29.458: vmx| VMXVmdbCbVmVmxExecState: Exec state change requested to state poweredOn without reset
Jun 02 09:25:29.458: vmx| TOOLS delaying state change request to state 4
Jun 02 09:25:29.458: vmx| PowerOn
Jun 02 09:25:29.458: vmx| VMX_PowerOn: VMX build 126130, UI build 126130
Jun 02 09:25:29.459: vmx| Host ACPI: SRAT @ 0x3fee92c0
Jun 02 09:25:29.459: vmx| Host: CPU #0 LAPIC ID 0x00, node 0x00
Jun 02 09:25:29.470: vmx| Host: CPU #1 LAPIC ID 0x01, node 0x00
Jun 02 09:25:29.476: vmx| VMXVmdb_LoadRawConfig: Loading raw config
Jun 02 09:25:29.480: vmx| HOST sysname Linux, nodename sorny, release 2.6.28-11-generic, version #42-Ubuntu SMP Fri Apr 17 01:57:59 UTC 2009, machine i686, SMP, hz=250
Jun 02 09:25:29.480: vmx| DICT --- USER PREFERENCES
Jun 02 09:25:29.480: vmx| DICT       pref.grabOnKeyPress = FALSE
Jun 02 09:25:29.480: vmx| DICT       pref.eula.0.appName = VMware Workstation
Jun 02 09:25:29.480: vmx| DICT   pref.eula.0.buildNumber = 126130
Jun 02 09:25:29.480: vmx| DICT     pref.mruDest0.present = FALSE
Jun 02 09:25:29.481: vmx| DICT  pref.mruDest0.destString = 
Jun 02 09:25:29.481: vmx| DICT        pref.mruDest0.user = 
Jun 02 09:25:29.481: vmx| DICT     pref.mruDest1.present = FALSE
Jun 02 09:25:29.481: vmx| DICT  pref.mruDest1.destString = 
Jun 02 09:25:29.481: vmx| DICT        pref.mruDest1.user = 
Jun 02 09:25:29.481: vmx| DICT     pref.mruDest2.present = FALSE
Jun 02 09:25:29.481: vmx| DICT  pref.mruDest2.destString = 
Jun 02 09:25:29.481: vmx| DICT        pref.mruDest2.user = 
Jun 02 09:25:29.481: vmx| DICT     pref.mruDest3.present = FALSE
Jun 02 09:25:29.481: vmx| DICT  pref.mruDest3.destString = 
Jun 02 09:25:29.481: vmx| DICT        pref.mruDest3.user = 
Jun 02 09:25:29.481: vmx| DICT     pref.mruDest4.present = FALSE
Jun 02 09:25:29.481: vmx| DICT  pref.mruDest4.destString = 
Jun 02 09:25:29.481: vmx| DICT        pref.mruDest4.user = 
Jun 02 09:25:29.481: vmx| DICT     pref.mruDest5.present = FALSE
Jun 02 09:25:29.481: vmx| DICT  pref.mruDest5.destString = 
Jun 02 09:25:29.481: vmx| DICT        pref.mruDest5.user = 
Jun 02 09:25:29.481: vmx| DICT     pref.mruDest6.present = FALSE
Jun 02 09:25:29.481: vmx| DICT  pref.mruDest6.destString = 
Jun 02 09:25:29.481: vmx| DICT        pref.mruDest6.user = 
Jun 02 09:25:29.481: vmx| DICT     pref.mruDest7.present = FALSE
Jun 02 09:25:29.481: vmx| DICT  pref.mruDest7.destString = 
Jun 02 09:25:29.481: vmx| DICT        pref.mruDest7.user = 
Jun 02 09:25:29.481: vmx| DICT      pref.mruATS0.present = FALSE
Jun 02 09:25:29.481: vmx| DICT    pref.mruATS0.atsString = 
Jun 02 09:25:29.481: vmx| DICT       pref.mruATS0.domain = 
Jun 02 09:25:29.481: vmx| DICT         pref.mruATS0.user = 
Jun 02 09:25:29.481: vmx| DICT       pref.mruATS0.secure = FALSE
Jun 02 09:25:29.481: vmx| DICT         pref.mruATS0.port = 0
Jun 02 09:25:29.481: vmx| DICT      pref.mruATS1.present = FALSE
Jun 02 09:25:29.481: vmx| DICT    pref.mruATS1.atsString = 
Jun 02 09:25:29.481: vmx| DICT       pref.mruATS1.domain = 
Jun 02 09:25:29.481: vmx| DICT         pref.mruATS1.user = 
Jun 02 09:25:29.481: vmx| DICT       pref.mruATS1.secure = FALSE
Jun 02 09:25:29.481: vmx| DICT         pref.mruATS1.port = 0
Jun 02 09:25:29.481: vmx| DICT      pref.mruATS2.present = FALSE
Jun 02 09:25:29.481: vmx| DICT    pref.mruATS2.atsString = 
Jun 02 09:25:29.481: vmx| DICT       pref.mruATS2.domain = 
Jun 02 09:25:29.481: vmx| DICT         pref.mruATS2.user = 
Jun 02 09:25:29.481: vmx| DICT       pref.mruATS2.secure = FALSE
Jun 02 09:25:29.481: vmx| DICT         pref.mruATS2.port = 0
Jun 02 09:25:29.481: vmx| DICT      pref.mruATS3.present = FALSE
Jun 02 09:25:29.481: vmx| DICT    pref.mruATS3.atsString = 
Jun 02 09:25:29.481: vmx| DICT       pref.mruATS3.domain = 
Jun 02 09:25:29.481: vmx| DICT         pref.mruATS3.user = 
Jun 02 09:25:29.481: vmx| DICT       pref.mruATS3.secure = FALSE
Jun 02 09:25:29.481: vmx| DICT         pref.mruATS3.port = 0
Jun 02 09:25:29.481: vmx| DICT      pref.mruATS4.present = FALSE
Jun 02 09:25:29.481: vmx| DICT    pref.mruATS4.atsString = 
Jun 02 09:25:29.481: vmx| DICT       pref.mruATS4.domain = 
Jun 02 09:25:29.481: vmx| DICT         pref.mruATS4.user = 
Jun 02 09:25:29.481: vmx| DICT       pref.mruATS4.secure = FALSE
Jun 02 09:25:29.481: vmx| DICT         pref.mruATS4.port = 0
Jun 02 09:25:29.481: vmx| DICT      pref.mruATS5.present = FALSE
Jun 02 09:25:29.481: vmx| DICT    pref.mruATS5.atsString = 
Jun 02 09:25:29.481: vmx| DICT       pref.mruATS5.domain = 
Jun 02 09:25:29.481: vmx| DICT         pref.mruATS5.user = 
Jun 02 09:25:29.481: vmx| DICT       pref.mruATS5.secure = FALSE
Jun 02 09:25:29.481: vmx| DICT         pref.mruATS5.port = 0
Jun 02 09:25:29.481: vmx| DICT      pref.mruATS6.present = FALSE
Jun 02 09:25:29.481: vmx| DICT    pref.mruATS6.atsString = 
Jun 02 09:25:29.481: vmx| DICT       pref.mruATS6.domain = 
Jun 02 09:25:29.481: vmx| DICT         pref.mruATS6.user = 
Jun 02 09:25:29.481: vmx| DICT       pref.mruATS6.secure = FALSE
Jun 02 09:25:29.481: vmx| DICT         pref.mruATS6.port = 0
Jun 02 09:25:29.481: vmx| DICT      pref.mruATS7.present = FALSE
Jun 02 09:25:29.481: vmx| DICT    pref.mruATS7.atsString = 
Jun 02 09:25:29.481: vmx| DICT       pref.mruATS7.domain = 
Jun 02 09:25:29.481: vmx| DICT         pref.mruATS7.user = 
Jun 02 09:25:29.481: vmx| DICT       pref.mruATS7.secure = FALSE
Jun 02 09:25:29.481: vmx| DICT         pref.mruATS7.port = 0
Jun 02 09:25:29.481: vmx| DICT            pref.tip.index = 1
Jun 02 09:25:29.481: vmx| DICT   pref.registrationViewed = FALSE
Jun 02 09:25:29.481: vmx| DICT       pref.usbDev.maxDevs = 0
Jun 02 09:25:29.481: vmx| DICT pref.keyboardAndMouse.maxProfiles = 0
Jun 02 09:25:29.481: vmx| DICT   webUpdate.lastCheckTime = 1243945442
Jun 02 09:25:29.481: vmx| DICT webUpdate.updatesAvailable = TRUE
Jun 02 09:25:29.481: vmx| DICT      pref.placement.right = 800
Jun 02 09:25:29.481: vmx| DICT     pref.placement.bottom = 600
Jun 02 09:25:29.481: vmx| DICT       pref.eula.1.appName = VMware Player
Jun 02 09:25:29.481: vmx| DICT   pref.eula.1.buildNumber = 126130
Jun 02 09:25:29.481: vmx| DICT pref.vmplayer.vmPos0.index = 0
Jun 02 09:25:29.481: vmx| DICT pref.vmplayer.vmPos0.vmPath = /vm/#034d9bf2d4a29683/
Jun 02 09:25:29.481: vmx| DICT pref.vmplayer.vmPos0.geometry = 728x504+161+25
Jun 02 09:25:29.481: vmx| DICT  hint.vmui.showAllUSBDevs = FALSE
Jun 02 09:25:29.481: vmx| DICT pref.vmplayer.vmPos1.index = 2
Jun 02 09:25:29.482: vmx| DICT pref.vmplayer.vmPos1.vmPath = /vm/#cf87f1bf68918161/
Jun 02 09:25:29.482: vmx| DICT pref.vmplayer.vmPos1.geometry = 728x504+667+25
Jun 02 09:25:29.482: vmx| DICT pref.vmplayer.vmPos2.index = 1
Jun 02 09:25:29.482: vmx| DICT pref.vmplayer.vmPos2.vmPath = /vm/#2331abb795b62f21/
Jun 02 09:25:29.482: vmx| DICT pref.vmplayer.vmPos2.geometry = 728x504+667+25
Jun 02 09:25:29.482: vmx| DICT --- USER DEFAULTS
Jun 02 09:25:29.482: vmx| DICT --- HOST DEFAULTS
Jun 02 09:25:29.482: vmx| DICT                vix.libdir = /usr/lib/vmware-vix
Jun 02 09:25:29.482: vmx| DICT           vmware.fullpath = /usr/bin/vmware
Jun 02 09:25:29.482: vmx| DICT                NETWORKING = yes
Jun 02 09:25:29.482: vmx| DICT            VMBLOCK_CONFED = yes
Jun 02 09:25:29.482: vmx| DICT           gksu.rootMethod = su
Jun 02 09:25:29.482: vmx| DICT                    libdir = /usr/lib/vmware
Jun 02 09:25:29.482: vmx| DICT               VMCI_CONFED = yes
Jun 02 09:25:29.482: vmx| DICT              VSOCK_CONFED = yes
Jun 02 09:25:29.482: vmx| DICT             initscriptdir = /etc/init.d
Jun 02 09:25:29.482: vmx| DICT            authd.fullpath = /usr/sbin/vmware-authd
Jun 02 09:25:29.482: vmx| DICT                    bindir = /usr/bin
Jun 02 09:25:29.482: vmx| DICT       product.buildNumber = 126130
Jun 02 09:25:29.482: vmx| DICT           product.version = 6.5.1
Jun 02 09:25:29.482: vmx| DICT              product.name = VMware Workstation
Jun 02 09:25:29.482: vmx| DICT --- SITE DEFAULTS
Jun 02 09:25:29.482: vmx| DICT                  tag.help = introduction.htm
Jun 02 09:25:29.482: vmx| DICT   tag.configurationEditor = config_editor_newvm.htm
Jun 02 09:25:29.482: vmx| DICT             tag.ideConfig = devices_virtualdrive.htm
Jun 02 09:25:29.482: vmx| DICT          tag.floppyConfig = devices_floppy.htm
Jun 02 09:25:29.482: vmx| DICT           tag.mouseConfig = devices_mouse.htm
Jun 02 09:25:29.482: vmx| DICT             tag.netConfig = devices_netadapter.htm
Jun 02 09:25:29.482: vmx| DICT        tag.parallelConfig = devices_parallel.htm
Jun 02 09:25:29.482: vmx| DICT          tag.serialConfig = devices_serial.htm
Jun 02 09:25:29.482: vmx| DICT           tag.soundConfig = devices_sound.htm
Jun 02 09:25:29.482: vmx| DICT             tag.memConfig = configvm_memory.htm
Jun 02 09:25:29.482: vmx| DICT            tag.miscConfig = configvm.htm
Jun 02 09:25:29.482: vmx| DICT             tag.usbConfig = devices_usb.htm
Jun 02 09:25:29.482: vmx| DICT         tag.displayConfig = configvm_display-problems.htm
Jun 02 09:25:29.482: vmx| DICT                 tag.tools = vmtools.htm
Jun 02 09:25:29.482: vmx| DICT --- COMMAND LINE
Jun 02 09:25:29.482: vmx| DICT             gui.available = TRUE
Jun 02 09:25:29.482: vmx| DICT --- CONFIGURATION
Jun 02 09:25:29.482: vmx| DICT            config.version = 8
Jun 02 09:25:29.482: vmx| DICT         virtualHW.version = 6
Jun 02 09:25:29.482: vmx| DICT             scsi0.present = TRUE
Jun 02 09:25:29.482: vmx| DICT                   memsize = 64
Jun 02 09:25:29.482: vmx| DICT            ide0:0.present = FALSE
Jun 02 09:25:29.482: vmx| DICT           ide0:0.fileName = MS-DOS.vmdk
Jun 02 09:25:29.482: vmx| DICT            ide1:0.present = FALSE
Jun 02 09:25:29.482: vmx| DICT           ide1:0.fileName = auto detect
Jun 02 09:25:29.482: vmx| DICT         ide1:0.deviceType = cdrom-raw
Jun 02 09:25:29.482: vmx| DICT        floppy0.autodetect = FALSE
Jun 02 09:25:29.482: vmx| DICT         ethernet0.present = FALSE
Jun 02 09:25:29.482: vmx| DICT   ethernet0.wakeOnPcktRcv = FALSE
Jun 02 09:25:29.482: vmx| DICT             sound.present = FALSE
Jun 02 09:25:29.482: vmx| DICT            sound.fileName = -1
Jun 02 09:25:29.482: vmx| DICT          sound.autodetect = TRUE
Jun 02 09:25:29.482: vmx| DICT           svga.autodetect = FALSE
Jun 02 09:25:29.482: vmx| DICT        pciBridge0.present = TRUE
Jun 02 09:25:29.482: vmx| DICT        mks.keyboardFilter = allow
Jun 02 09:25:29.482: vmx| DICT               displayName = MS-DOS
Jun 02 09:25:29.482: vmx| DICT                   guestOS = dos
Jun 02 09:25:29.482: vmx| DICT                     nvram = MS-DOS.nvram
Jun 02 09:25:29.482: vmx| DICT        deploymentPlatform = windows
Jun 02 09:25:29.482: vmx| DICT virtualHW.productCompatibility = hosted
Jun 02 09:25:29.482: vmx| DICT      tools.upgrade.policy = useGlobal
Jun 02 09:25:29.482: vmx| DICT               usb.present = TRUE
Jun 02 09:25:29.482: vmx| DICT        extendedConfigFile = MS-DOS.vmxf
Jun 02 09:25:29.482: vmx| DICT         ide1:0.autodetect = TRUE
Jun 02 09:25:29.482: vmx| DICT          floppy0.fileName = ../img/tpe.img
Jun 02 09:25:29.482: vmx| DICT        checkpoint.vmState = MS-DOS.vmss
Jun 02 09:25:29.482: vmx| DICT     ethernet0.addressType = generated
Jun 02 09:25:29.482: vmx| DICT             uuid.location = 56 4d 4b 51 7c 45 4c 36-8d 19 f2 8d 72 0d 34 65
Jun 02 09:25:29.482: vmx| DICT                 uuid.bios = 56 4d 4b 51 7c 45 4c 36-8d 19 f2 8d 72 0d 34 65
Jun 02 09:25:29.482: vmx| DICT               ide0:0.redo = 
Jun 02 09:25:29.482: vmx| DICT  vmotion.checkpointFBSize = 16777216
Jun 02 09:25:29.482: vmx| DICT  pciBridge0.pciSlotNumber = 17
Jun 02 09:25:29.482: vmx| DICT       scsi0.pciSlotNumber = 16
Jun 02 09:25:29.482: vmx| DICT   ethernet0.pciSlotNumber = -1
Jun 02 09:25:29.482: vmx| DICT       sound.pciSlotNumber = -1
Jun 02 09:25:29.482: vmx| DICT ethernet0.generatedAddress = 00:0c:29:b7:81:32
Jun 02 09:25:29.482: vmx| DICT ethernet0.generatedAddressOffset = 0
Jun 02 09:25:29.482: vmx| DICT          floppy0.fileType = file
Jun 02 09:25:29.482: vmx| DICT      floppy0.clientDevice = FALSE
Jun 02 09:25:29.482: vmx| DICT            tools.syncTime = FALSE
Jun 02 09:25:29.482: vmx| DICT    debugStub.linuxOffsets = 0x0,0xffffffff,0x0,0x0,0x0,0x0,0x0,0x0,0x0,0x0,0x0,0x0,0x0,0x0
Jun 02 09:25:29.482: vmx| DICT   usb.autoConnect.device0 = 
Jun 02 09:25:29.482: vmx| DICT       tools.remindInstall = FALSE
Jun 02 09:25:29.482: vmx| DICT --- USER DEFAULTS
Jun 02 09:25:29.483: vmx| DICT --- HOST DEFAULTS
Jun 02 09:25:29.483: vmx| DICT                vix.libdir = /usr/lib/vmware-vix
Jun 02 09:25:29.483: vmx| DICT           vmware.fullpath = /usr/bin/vmware
Jun 02 09:25:29.483: vmx| DICT                NETWORKING = yes
Jun 02 09:25:29.483: vmx| DICT            VMBLOCK_CONFED = yes
Jun 02 09:25:29.483: vmx| DICT           gksu.rootMethod = su
Jun 02 09:25:29.483: vmx| DICT                    libdir = /usr/lib/vmware
Jun 02 09:25:29.483: vmx| DICT               VMCI_CONFED = yes
Jun 02 09:25:29.483: vmx| DICT              VSOCK_CONFED = yes
Jun 02 09:25:29.483: vmx| DICT             initscriptdir = /etc/init.d
Jun 02 09:25:29.483: vmx| DICT            authd.fullpath = /usr/sbin/vmware-authd
Jun 02 09:25:29.483: vmx| DICT                    bindir = /usr/bin
Jun 02 09:25:29.483: vmx| DICT       product.buildNumber = 126130
Jun 02 09:25:29.483: vmx| DICT           product.version = 6.5.1
Jun 02 09:25:29.483: vmx| DICT              product.name = VMware Workstation
Jun 02 09:25:29.483: vmx| DICT --- SITE DEFAULTS
Jun 02 09:25:29.483: vmx| DICT                  tag.help = introduction.htm
Jun 02 09:25:29.483: vmx| DICT   tag.configurationEditor = config_editor_newvm.htm
Jun 02 09:25:29.483: vmx| DICT             tag.ideConfig = devices_virtualdrive.htm
Jun 02 09:25:29.483: vmx| DICT          tag.floppyConfig = devices_floppy.htm
Jun 02 09:25:29.483: vmx| DICT           tag.mouseConfig = devices_mouse.htm
Jun 02 09:25:29.483: vmx| DICT             tag.netConfig = devices_netadapter.htm
Jun 02 09:25:29.483: vmx| DICT        tag.parallelConfig = devices_parallel.htm
Jun 02 09:25:29.483: vmx| DICT          tag.serialConfig = devices_serial.htm
Jun 02 09:25:29.483: vmx| DICT           tag.soundConfig = devices_sound.htm
Jun 02 09:25:29.483: vmx| DICT             tag.memConfig = configvm_memory.htm
Jun 02 09:25:29.483: vmx| DICT            tag.miscConfig = configvm.htm
Jun 02 09:25:29.483: vmx| DICT             tag.usbConfig = devices_usb.htm
Jun 02 09:25:29.483: vmx| DICT         tag.displayConfig = configvm_display-problems.htm
Jun 02 09:25:29.483: vmx| DICT                 tag.tools = vmtools.htm
Jun 02 09:25:29.483: vmx| DICT --- GLOBAL SETTINGS
Jun 02 09:25:29.484: vmx| DUMPER: restoring checkpoint version 8
Jun 02 09:25:29.484: vmx| Checkpointed in VMware Workstation, 6.5.1 build-126130, build-126130, Linux Host
Jun 02 09:25:29.484: vmx| Resuming virtual machine from /home/bombax/workspace/so2/MS-DOS/MS-DOS.vmss with 64 MB of memory.
Jun 02 09:25:29.484: vmx| hostCpuFeatures = 0x126001fe
Jun 02 09:25:29.484: vmx| hostNumPerfCounters = 4
Jun 02 09:25:29.484: vmx| CPU0:  PMC: unused [c:0 f:1 e:0]
Jun 02 09:25:29.484: vmx| CPU1:  PMC: unused [c:0 f:1 e:0]
Jun 02 09:25:29.484: vmx| MONITOR MODE: allowed modes          : BT
Jun 02 09:25:29.484: vmx| MONITOR MODE: user requested modes   : BT HV HWMMU
Jun 02 09:25:29.484: vmx| MONITOR MODE: guestOS preferred modes: BT HWMMU HV
Jun 02 09:25:29.484: vmx| MONITOR MODE: filtered list          : BT
Jun 02 09:25:29.484: vmx| HV Settings: virtual exec = 'software'; virtual mmu = 'software'
Jun 02 09:25:29.560: vmx| Host: Disabling thread priority boosting to work around Linux SMP bug.
Jun 02 09:25:29.560: vmx| WSSCAN: reserved mem (in MB) min=32 max=928 recommended=928
Jun 02 09:25:29.560: vmx| WSSCAN: used rec mem (in MB) 928
Jun 02 09:25:29.560: vmx| PSHARE: deactivated
Jun 02 09:25:29.560: vmx| WSSCAN: Overhead 21790 paged 13144 nonpaged 4096 maxFBSize
Jun 02 09:25:29.560: vmx| WSSCAN 1 0 220896 229088 237568 -1 50 0
Jun 02 09:25:29.560: vmx| LICENSE: Running in restricted mode
Jun 02 09:25:29.573: vmx| LOG failed to remove stats/stats32-2 failed: No such file or directory
Jun 02 09:25:29.573: vmx| LOG failed to remove stats/stats64-2 failed: No such file or directory
Jun 02 09:25:29.573: vmx| LOG failed to remove stats32-2 failed: No such file or directory
Jun 02 09:25:29.573: vmx| LOG failed to remove stats64-2 failed: No such file or directory
Jun 02 09:25:29.574: vmx| Monitor_PowerOn: HostedVSMP skew tracking is disabled
Jun 02 09:25:29.574: vmx| Monitor_PowerOn: HostedVSMP crosscall yielding is disabled
Jun 02 09:25:29.575: vmx| vmm32-modules: [vmm.vmm32 .data:0x2b000-0x728 .sdata:0x2c000-0x4e4 .statvars:0x2d000-0x3a0 .peer:0x2e000-0x261c0 .shared:0x56000-0x12ac0 .bss:0x6a000-0x5c88 .rodata:0x71000-0xb310 .text:0x7d000-0x5906d .kstatvars:0x3000-0x0, mmu-pae.vmm32 .rodata:0x7c310-0x44 .data:0x2b728-0xc .peer:0x541c0-0x16c0 .shared:0x68ac0-0x2c0 .bss:0x6fca0-0x518 .text:0xd6070-0xa4e7 .comment:0x40000d26-0x10e .statvars:0x2000-0x0 .kstatvars:0x2000-0x0 .scb:0x400038a0-0x180 .shared_meta:0x40003c00-0x390 .peer_meta:0x40001020-0x210, sharedmmu-none.vmm32 .text:0xe0558-0x32 .comment:0x40000e34-0x12, pv-none.vmm32 .shared:0x68d80-0x180 .bss:0x701c0-0x84 .text:0xe058c-0xe6 .comment:0x40000e46-0x48 .shared_meta:0x40003f90-0x90, vprobe-none.vmm32 .text:0xe0674-0x79 .comment:0x40000e8e-0x12, hv-none.vmm32 .rodata:0x7c354-0x4 .data:0x1000-0x0 .peer:0x1000-0x0 .shared:0x1000-0x0 .bss:0x1000-0x0 .text:0xe06f0-0x2d .comment:0x40000ea0-0x12 .statvars:0x1000-0x0 .kstatvars:0x1000-0x0, gphys-sw.vmm32 .peer:0x55880-0x40 .shared:0x68f00-0x140 .bss:0x2000-0x0 .text:0xe0720-0xb43 .comment:0x40000eb2-0x12 .scb:0x40003a20-0x60 .shared_meta:0x40004020-0x2a0 .peer_meta:0x40001230-0x60, vassert-none.vmm32 .text:0xe1264-0xf .comment:0x40000ec4-0x12, vmsafe-none.vmm32 .text:0xe1274-0xd .comment:0x40000ed6-0x12, buslogic-buslogic.vmm32 .shared:0x69040-0x40 .bss:0x1000-0x0 .text:0xe1290-0xc9 .comment:0x40000ee8-0x12 .scb:0x40003a80-0x60 .shared_meta:0x400042c0-0x60, {SharedAreaReservations} .shared:0x69080-0x40, <MonSrcFile> .rodata:0x7c358-0x38c]
Jun 02 09:25:29.578: vmx| KHZEstimate 2009236
Jun 02 09:25:29.578: vmx| MHZEstimate 2009
Jun 02 09:25:29.578: vmx| NumVCPUs 1
Jun 02 09:25:29.579: vmx| PShare: enabled 0, scanRate 0, checkRate 16
Jun 02 09:25:29.579: vmx| UUID: SMBIOS UUID could not be located.
Jun 02 09:25:29.579: vmx| UUID: Valid gethostid routine. Value = 7F0101.
Jun 02 09:25:29.579: vmx| UUID: location-UUID is 56 4d 4b 51 7c 45 4c 36-8d 19 f2 8d 72 0d 34 65
Jun 02 09:25:29.579: vmx| AIOGNRC: numThreads=1 ide=0, scsi=0, passthru=0
Jun 02 09:25:29.579: vmx| WORKER: Creating new group with numThreads=1 (1)
Jun 02 09:25:29.579: vmx| Replay State = 0
Jun 02 09:25:29.579: vmx| minDEThreshold: 79
Jun 02 09:25:29.580: vmx| MM: Using partialmap, 16384 pages AC 0 CE 1 TM 0 DOHU 0
Jun 02 09:25:29.580: vmx| MStat: Creating Stat vm.uptime
Jun 02 09:25:29.580: vmx| MStat: Creating Stat vm.suspendTime
Jun 02 09:25:29.580: vmx| MStat: Creating Stat vm.powerOnTimeStamp
Jun 02 09:25:29.580: vmx| VMXAIOMGR: Using: simple=Generic unbuf=Generic
Jun 02 09:25:29.588: vmx| VMXVmdb_LoadRawConfig: Loading raw config
Jun 02 09:25:29.591: vmx| TimeTracker host to guest rate conversion 9567913392354 @ 2009236000Hz -> 9567913392354 @ 2009236000Hz
Jun 02 09:25:29.591: vmx| TimeTracker host to guest rate conversion ((x * 2147483648) >> 31) + 0
Jun 02 09:25:29.592: vmx| USB: Initializing 'Generic' backend
Jun 02 09:25:29.592: vmx| USB: Unable to open "/proc/bus/usb/devices" (No such file or directory).
Jun 02 09:25:29.592: vmx| USBGL: USB Sysfs found at /dev/bus/usb
Jun 02 09:25:29.593: vmx| USB: Initializing 'Virtual Hub' backend
Jun 02 09:25:29.593: vmx| USB: Initializing 'Virtual Mouse' backend
Jun 02 09:25:29.593: vmx| USB: Initializing 'Virtual Keyboard' backend
Jun 02 09:25:29.593: vmx| USB: Initializing 'Virtual Mass Storage' backend
Jun 02 09:25:29.593: vmx| USB: Initializing 'Virtual CCID' backend
Jun 02 09:25:29.593: vmx| USB-CCID:  dlopened default libpcsclite.so.1.
Jun 02 09:25:29.593: vmx| USB-CCID: Could not establish resource manager context for card ops: SCARD_E_NO_SERVICE(0x8010001d).
Jun 02 09:25:29.593: vmx| USB: Unable to initialize 'Virtual CCID' backend
Jun 02 09:25:29.674: vmx| XINFO X fd is 133
Jun 02 09:25:29.674: vmx| XINFO depth 24 bpp 32 class 4
Jun 02 09:25:29.684: vmx| WORKER: Creating new group with numThreads=1 (2)
Jun 02 09:25:29.684: vmx| MKS REMOTE Loading VNC Configuration from VM config file
Jun 02 09:25:29.686: vmx| VLANCE: send cluster threshold is 80, size = 2 recalcInterval is 2 ticks
Jun 02 09:25:29.686: vmx| VMXNET: send cluster threshold is 80, size = 2 recalcInterval is 2 ticks, dontClusterSize is 128
Jun 02 09:25:29.687: vmx| NetPkt: checksum cycles/kB: C=4141 asm1=3977 asm2=4039
Jun 02 09:25:29.688: vmx| NetPkt: copy and sum cycles/kB: C=4500 asm1=4239 asm2=4179
Jun 02 09:25:29.688: vmx| Chipset version: 0
Jun 02 09:25:29.690: vmx| SCSI0: UNTAGGED commands will be converted to ORDER tags.
Jun 02 09:25:29.691: vmx| USB: Initializing 'UHCI' host controller
Jun 02 09:25:29.692: vmx| MStat: Creating Stat vm.heartbeat
Jun 02 09:25:29.693: vmx| DISKUTIL: Offline toolsVersion = 0
Jun 02 09:25:29.693: vmx| TOOLS INSTALL initializing state to IDLE on power on.
Jun 02 09:25:29.701: vmx| PTSC to VMI Wallclock (nsec) 9568133132449 @ 2009236000Hz -> 1243945529000000000 @ 1000000000Hz
Jun 02 09:25:29.701: vmx| PTSC to VMI Wallclock (nsec) ((x * 4275224310) >> 33) + 1243940766924697674
Jun 02 09:25:29.701: vmx| PTSC to ParaTime RealCycles 0 @ 2009236000Hz -> 0 @ 2009236000Hz
Jun 02 09:25:29.701: vmx| PTSC to ParaTime RealCycles ((x * 1) >> 0) + 0
Jun 02 09:25:29.701: vmx| ParaTime RealCycles to PTSC 0 @ 2009236000Hz -> 0 @ 2009236000Hz
Jun 02 09:25:29.701: vmx| ParaTime RealCycles to PTSC ((x * 1) >> 0) + 0
Jun 02 09:25:29.701: vmx| CPT: Restoring checkpoint /home/bombax/workspace/so2/MS-DOS/MS-DOS.vmss
Jun 02 09:25:29.701: vmx| DUMPER: restoring checkpoint version 8
Jun 02 09:25:29.705: vmx| DUMPER: Item guestCpuid400:eax [0, -1] not found
Jun 02 09:25:29.705: vmx| DUMPER: Item guestCpuid410:eax [0, -1] not found
Jun 02 09:25:29.705: vmx| DUMPER: Item migrateCpuid400:eax [0, -1] not found
Jun 02 09:25:29.705: vmx| DUMPER: Item migrateCpuid410:eax [0, -1] not found
Jun 02 09:25:29.705: vmx| DUMPER: Item migrateCpuid80:eax [0, -1] not found
Jun 02 09:25:29.705: vmx| DUMPER: Item migrateCpuid88:eax [0, -1] not found
Jun 02 09:25:29.705: vmx| DUMPER: Item hostCpuid400:eax [0, -1] not found
Jun 02 09:25:29.705: vmx| DUMPER: Item hostCpuid410:eax [0, -1] not found
Jun 02 09:25:29.705: vmx| cptCPUID : vendor: AuthcAMDenti
Jun 02 09:25:29.705: vmx| cptCPUID : level 00000000, 0: 0x00000001 0x68747541 0x444d4163 0x69746e65
Jun 02 09:25:29.705: vmx| cptCPUID : level 00000001, 0: 0x00020f32 0x01000800 0x00000001 0x078bfbff
Jun 02 09:25:29.705: vmx| cptCPUID : level 80000000, 0: 0x80000018 0x68747541 0x444d4163 0x69746e65
Jun 02 09:25:29.705: vmx| cptCPUID : level 80000001, 0: 0x00020f32 0x00000b05 0x00000001 0xe3d3fbff
Jun 02 09:25:29.705: vmx| cptCPUID : level 80000008, 0: 0x00003024 0x00000000 0x00000000 0x00000000
Jun 02 09:25:29.705: vmx| cptCPUID : level 8000000a, 0: 0x00000000 0x00000000 0x00000000 0x00000000
Jun 02 09:25:29.706: vmx| guestCpuFeatures = 0x126001fe
Jun 02 09:25:29.706: vmx| srcCPUID : vendor: AuthcAMDenti
Jun 02 09:25:29.706: vmx| srcCPUID : level 00000000, 0: 0x00000001 0x68747541 0x444d4163 0x69746e65
Jun 02 09:25:29.706: vmx| srcCPUID : level 00000001, 0: 0x00020f32 0x01020800 0x00000001 0x178bfbff
Jun 02 09:25:29.706: vmx| srcCPUID : level 80000000, 0: 0x80000018 0x68747541 0x444d4163 0x69746e65
Jun 02 09:25:29.706: vmx| srcCPUID : level 80000001, 0: 0x00020f32 0x00000b05 0x00000003 0xe3d3fbff
Jun 02 09:25:29.706: vmx| srcCPUID : level 80000008, 0: 0x00003028 0x00000000 0x00000001 0x00000000
Jun 02 09:25:29.706: vmx| srcCPUID : level 8000000a, 0: 0x00000000 0x00000000 0x00000000 0x00000000
Jun 02 09:25:29.706: vmx| dstCPUID : vendor: AuthcAMDenti
Jun 02 09:25:29.706: vmx| dstCPUID :   name: Dual Core AMD Opteron(tm) Processor 170   
Jun 02 09:25:29.706: vmx| dstCPUID : level 00000000, 0: 0x00000001 0x68747541 0x444d4163 0x69746e65
Jun 02 09:25:29.706: vmx| dstCPUID : level 00000001, 0: 0x00020f32 0x00020800 0x00000001 0x178bfbff
Jun 02 09:25:29.706: vmx| dstCPUID : level 80000000, 0: 0x80000018 0x68747541 0x444d4163 0x69746e65
Jun 02 09:25:29.706: vmx| dstCPUID : level 80000001, 0: 0x00020f32 0x00000b05 0x00000003 0xe3d3fbff
Jun 02 09:25:29.706: vmx| dstCPUID : level 80000002, 0: 0x6c617544 0x726f4320 0x4d412065 0x704f2044
Jun 02 09:25:29.706: vmx| dstCPUID : level 80000003, 0: 0x6f726574 0x6d74286e 0x72502029 0x7365636f
Jun 02 09:25:29.706: vmx| dstCPUID : level 80000004, 0: 0x20726f73 0x20303731 0x00002020 0x00000000
Jun 02 09:25:29.706: vmx| dstCPUID : level 80000005, 0: 0xff08ff08 0xff20ff20 0x40020140 0x40020140
Jun 02 09:25:29.706: vmx| dstCPUID : level 80000006, 0: 0x00000000 0x42004200 0x04008140 0x00000000
Jun 02 09:25:29.706: vmx| dstCPUID : level 80000007, 0: 0x00000000 0x00000000 0x00000000 0x0000000f
Jun 02 09:25:29.706: vmx| dstCPUID : level 80000008, 0: 0x00003028 0x00000000 0x00000001 0x00000000
Jun 02 09:25:29.706: vmx| dstCPUID : level 80000009, 0: 0x00000000 0x00000000 0x00000000 0x00000000
Jun 02 09:25:29.706: vmx| dstCPUID : level 8000000a, 0: 0x00000000 0x00000000 0x00000000 0x00000000
Jun 02 09:25:29.706: vmx| dstCPUID : level 8000000b, 0: 0x00000000 0x00000000 0x00000000 0x00000000
Jun 02 09:25:29.706: vmx| dstCPUID : level 8000000c, 0: 0x00000000 0x00000000 0x00000000 0x00000000
Jun 02 09:25:29.706: vmx| dstCPUID : level 8000000d, 0: 0x00000000 0x00000000 0x00000000 0x00000000
Jun 02 09:25:29.706: vmx| dstCPUID : level 8000000e, 0: 0x00000000 0x00000000 0x00000000 0x00000000
Jun 02 09:25:29.706: vmx| dstCPUID : level 8000000f, 0: 0x00000000 0x00000000 0x00000000 0x00000000
Jun 02 09:25:29.706: vmx| dstCPUID : level 80000010, 0: 0x00000000 0x00000000 0x00000000 0x00000000
Jun 02 09:25:29.706: vmx| dstCPUID : level 80000011, 0: 0x00000000 0x00000000 0x00000000 0x00000000
Jun 02 09:25:29.707: vmx| dstCPUID : level 80000012, 0: 0x00000000 0x00000000 0x00000000 0x00000000
Jun 02 09:25:29.707: vmx| dstCPUID : level 80000013, 0: 0x00000000 0x00000000 0x00000000 0x00000000
Jun 02 09:25:29.707: vmx| dstCPUID : level 80000014, 0: 0x00000000 0x00000000 0x00000000 0x00000000
Jun 02 09:25:29.707: vmx| dstCPUID : level 80000015, 0: 0x00000000 0x00000000 0x00000000 0x00000000
Jun 02 09:25:29.707: vmx| dstCPUID : level 80000016, 0: 0x00000000 0x00000000 0x00000000 0x00000000
Jun 02 09:25:29.707: vmx| dstCPUID : level 80000017, 0: 0x00000000 0x00000000 0x00000000 0x00000000
Jun 02 09:25:29.707: vmx| dstCPUID : level 80000018, 0: 0x00000000 0x00000000 0x00000000 0x00000000
Jun 02 09:25:29.707: vmx| cpt mask : level 00000000, 0: 0x00000000 0xffffffff 0xffffffff 0xffffffff
Jun 02 09:25:29.707: vmx| cpt mask : level 00000001, 0: 0xfff0cf00 0x00000000 0x7fffdff7 0xeffffdff
Jun 02 09:25:29.707: vmx| cpt mask : level 80000001, 0: 0xf000c000 0x00000000 0xffffc9e8 0xdbfff5ff
Jun 02 09:25:29.707: vmx| cpt mask : level 8000000a, 0: 0x00000000 0x00000000 0x00000000 0x00000000
Jun 02 09:25:29.707: vmx| evcMasksInCpt = 0
Jun 02 09:25:29.707: vmx| evcCompatibilityMode = 0
Jun 02 09:25:29.707: vmx| DUMPER: Item paraGuest [0, -1] not found
Jun 02 09:25:29.707: vmx| DUMPER: item cpuid8A:edx [0,-1] in group cpu not used
Jun 02 09:25:29.707: vmx| DUMPER: item eip [0,-1] in group cpu not used
Jun 02 09:25:29.707: vmx| DUMPER: item cpuid0:eax [0,-1] in group cpu not used
Jun 02 09:25:29.707: vmx| DUMPER: item cpuid0:ebx [0,-1] in group cpu not used
Jun 02 09:25:29.707: vmx| DUMPER: item cpuid0:ecx [0,-1] in group cpu not used
Jun 02 09:25:29.707: vmx| DUMPER: item cpuid0:edx [0,-1] in group cpu not used
Jun 02 09:25:29.707: vmx| DUMPER: item cpuid1:eax [0,-1] in group cpu not used
Jun 02 09:25:29.707: vmx| DUMPER: item cpuid1:ebx [0,-1] in group cpu not used
Jun 02 09:25:29.707: vmx| DUMPER: item cpuid1:ecx [0,-1] in group cpu not used
Jun 02 09:25:29.707: vmx| DUMPER: item cpuid1:edx [0,-1] in group cpu not used
Jun 02 09:25:29.707: vmx| DUMPER: item cpuid80:eax [0,-1] in group cpu not used
Jun 02 09:25:29.707: vmx| DUMPER: item cpuid80:ebx [0,-1] in group cpu not used
Jun 02 09:25:29.707: vmx| DUMPER: item cpuid80:ecx [0,-1] in group cpu not used
Jun 02 09:25:29.707: vmx| DUMPER: item cpuid80:edx [0,-1] in group cpu not used
Jun 02 09:25:29.707: vmx| DUMPER: item cpuid81:eax [0,-1] in group cpu not used
Jun 02 09:25:29.707: vmx| DUMPER: item cpuid81:ebx [0,-1] in group cpu not used
Jun 02 09:25:29.707: vmx| DUMPER: item cpuid81:ecx [0,-1] in group cpu not used
Jun 02 09:25:29.707: vmx| DUMPER: item cpuid81:edx [0,-1] in group cpu not used
Jun 02 09:25:29.707: vmx| DUMPER: item cpuid88:eax [0,-1] in group cpu not used
Jun 02 09:25:29.707: vmx| DUMPER: item cpuid88:ebx [0,-1] in group cpu not used
Jun 02 09:25:29.707: vmx| DUMPER: item cpuid88:ecx [0,-1] in group cpu not used
Jun 02 09:25:29.707: vmx| DUMPER: item cpuid88:edx [0,-1] in group cpu not used
Jun 02 09:25:29.707: vmx| DUMPER: item cpuid8A:eax [0,-1] in group cpu not used
Jun 02 09:25:29.707: vmx| DUMPER: item cpuid8A:ebx [0,-1] in group cpu not used
Jun 02 09:25:29.707: vmx| DUMPER: item cpuid8A:ecx [0,-1] in group cpu not used
Jun 02 09:25:29.707: vmx|   restoring BusMemSample
Jun 02 09:25:29.707: vmx| BusMemSample: checkpoint 4 initPercent 75 touched 12288
Jun 02 09:25:29.707: vmx|   restoring BusMemServices
Jun 02 09:25:29.707: vmx|   restoring UUIDVMX
Jun 02 09:25:29.707: vmx|   restoring StateLogger
Jun 02 09:25:29.707: vmx|   restoring memory
Jun 02 09:25:29.709: vmx| Mapped mainmem as pageable
Jun 02 09:25:29.710: vmx| MM: using '/home/bombax/workspace/so2/MS-DOS/MS-DOS.vmem' as a paging file
Jun 02 09:25:29.710: vmx| Opened paging file /home/bombax/workspace/so2/MS-DOS/MS-DOS.vmem
Jun 02 09:25:29.710: vmx| Lazy Restore with prefetch of 64 MB
Jun 02 09:25:29.811: vmx|   restoring MStats
Jun 02 09:25:29.811: vmx|   restoring Snapshot
Jun 02 09:25:29.811: vmx| DUMPER: item cfgFile [-1,-1] in group Snapshot not used
Jun 02 09:25:29.811: vmx| DUMPER: item nvramFile [-1,-1] in group Snapshot not used
Jun 02 09:25:29.812: vmx| DUMPER: item extendedConfigFile [-1,-1] in group Snapshot not used
Jun 02 09:25:29.812: vmx|   restoring pic
Jun 02 09:25:29.812: vmx|   restoring TimeTracker
Jun 02 09:25:29.812: vmx| TimeTracker host to guest rate conversion 9567913392354 @ 2009236000Hz -> 9487905469412 @ 2009236000Hz
Jun 02 09:25:29.812: vmx| TimeTracker host to guest rate conversion ((x * 2147483648) >> 31) + -80007922942
Jun 02 09:25:29.812: vmx|   restoring Floppy
Jun 02 09:25:29.812: vmx|   restoring GuestMsg
Jun 02 09:25:29.812: vmx|   restoring GuestRpc
Jun 02 09:25:29.812: vmx|   restoring PCI
Jun 02 09:25:29.812: vmx|   restoring Cs440bx
Jun 02 09:25:29.813: vmx| DUMPER: Item gpe.status [2, -1] not found
Jun 02 09:25:29.813: vmx| DUMPER: Item gpe.enable [2, -1] not found
Jun 02 09:25:29.813: vmx| DUMPER: item drb [1,-1] in group Cs440bx not used
Jun 02 09:25:29.813: vmx| DUMPER: item drb [0,-1] in group Cs440bx not used
Jun 02 09:25:29.813: vmx|   restoring PCIBridge0
Jun 02 09:25:29.814: vmx|   restoring vide
Jun 02 09:25:29.814: vmx| DUMPER: BlockItem monbuf [0, -1] not found
Jun 02 09:25:29.814: vmx| DUMPER: BlockItem monbuf [1, -1] not found
Jun 02 09:25:29.814: vmx|   restoring SCSI0
Jun 02 09:25:29.814: vmx|   restoring VGA
Jun 02 09:25:29.820: vmx|   restoring SVGA
Jun 02 09:25:29.826: vmx| SVGA phys sizes: 2360x1770x32 offset 0 fb 0x01000000
Jun 02 09:25:29.826: vmx| SVGA compatible geometry on checkpoint restore
Jun 02 09:25:29.826: vmx| SVGA old geometry 2360x1770, max size = 16777216
Jun 02 09:25:29.826: vmx| SVGA new geometry 2360x1770, max size = 16777216
Jun 02 09:25:29.826: vmx|   restoring usb
Jun 02 09:25:29.826: vmx| DUMPER: Item lastFrnumChangeTime [-1, -1] not found
Jun 02 09:25:29.826: vmx|   restoring OEMDevice
Jun 02 09:25:29.826: vmx|   restoring Timer
Jun 02 09:25:29.827: vmx|   restoring Tools
Jun 02 09:25:29.827: vmx|   restoring Tools Install
Jun 02 09:25:29.827: vmx| TOOLS INSTALL setting state to 0 on restore.
Jun 02 09:25:29.827: vmx|   restoring MKSVMX
Jun 02 09:25:29.827: vmx| DUMPER: item imageData [-1,-1] in group MKSVMX not used
Jun 02 09:25:29.827: vmx|   restoring DMA
Jun 02 09:25:29.827: vmx|   restoring BackdoorAPM
Jun 02 09:25:29.827: vmx|   restoring CMOS
Jun 02 09:25:29.827: vmx|   restoring FlashRam
Jun 02 09:25:29.827: vmx|   restoring A20
Jun 02 09:25:29.827: vmx|   restoring Keyboard
Jun 02 09:25:29.828: vmx| Checkpointed with active intr:1
Jun 02 09:25:29.828: vmx|   restoring backdoorAbsMouse
Jun 02 09:25:29.828: vmx|   restoring SIO
Jun 02 09:25:29.828: vmx|   restoring serial0
Jun 02 09:25:29.828: vmx|   restoring serial1
Jun 02 09:25:29.828: vmx|   restoring serial2
Jun 02 09:25:29.828: vmx|   restoring serial3
Jun 02 09:25:29.828: vmx|   restoring parallel0
Jun 02 09:25:29.828: vmx|   restoring parallel1
Jun 02 09:25:29.828: vmx|   restoring parallel2
Jun 02 09:25:29.829: vmx|   restoring ParaTime
Jun 02 09:25:29.829: vmx|   restoring VAssert
Jun 02 09:25:29.829: vmx|   restoring monitorLate
Jun 02 09:25:29.829: vmx|   restoring devices
Jun 02 09:25:29.829: vmx|   restoring vmDebugControl
Jun 02 09:25:29.829: vmx| DUMPER: Dumper_EndRestore: update hdr magic
Jun 02 09:25:29.926: vmx| VMXVmdb_LoadRawConfig: Loading raw config
Jun 02 09:25:29.930: vmx| guestCPUID vendor: AuthcAMDenti
Jun 02 09:25:29.930: vmx| guestCPUID level 00000000, 0: 0x00000001 0x68747541 0x444d4163 0x69746e65
Jun 02 09:25:29.930: vmx| guestCPUID level 00000001, 0: 0x00020f32 0x01000800 0x00000001 0x078bfbff
Jun 02 09:25:29.930: vmx| guestCPUID level 80000000, 0: 0x80000018 0x68747541 0x444d4163 0x69746e65
Jun 02 09:25:29.930: vmx| guestCPUID level 80000001, 0: 0x00020f32 0x00000b05 0x00000001 0xe3d3fbff
Jun 02 09:25:29.930: vmx| guestCPUID level 80000008, 0: 0x00003024 0x00000000 0x00000000 0x00000000
Jun 02 09:25:29.930: vmx| guestCPUID level 8000000a, 0: 0x00000000 0x00000000 0x00000000 0x00000000
Jun 02 09:25:29.936: vmx| SVGA: Registering IOSpace at 0x10b0
Jun 02 09:25:29.936: vmx| BusMemSample: initPercent 75 touched 12288
Jun 02 09:25:29.937: vmx| TOOLS received request in VMX to set option 'enableDnD' -> '1'
Jun 02 09:25:29.937: vmx| TOOLS received request in VMX to set option 'copypaste' -> '1'
Jun 02 09:25:29.960: vmx| VMXVmdbLoadUsbDevices: New set of 1 USB devices
Jun 02 09:25:29.960: vmx| USB: Found device [name:Genesys\ Logic\ USB\ Storage vid:05e3 pid:0710 path:1/9 speed:high family:storage]
Jun 02 09:25:29.960: vmx| VMX_PowerOn: ModuleTable_PowerOn = 1
Jun 02 09:25:29.960: vmx| VMX setting maximum IPC write buffers to 0 packets, 0 bytes
Jun 02 09:25:29.960: mks| Async MKS thread is alive
Jun 02 09:25:29.961: mks| Connecting to window system.
Jun 02 09:25:29.961: mks| XINFO X fd is 133
Jun 02 09:25:29.961: mks| XINFO depth 24 bpp 32 class 4
Jun 02 09:25:29.985: mks| rasterops MMXEXT accelerations enabled
Jun 02 09:25:29.985: mks| XINFO unsupported XF86VidMode version: 2.2
Jun 02 09:25:29.985: mks| XINFO XFree86 VidMode 0: 1440x900 flags: 0x6
Jun 02 09:25:29.985: mks| XINFO XFree86 VidMode 1: 1280x1024 flags: 0x5
Jun 02 09:25:29.985: mks| XINFO XFree86 VidMode 2: 1280x1024 flags: 0x5
Jun 02 09:25:29.985: mks| XINFO XFree86 VidMode 3: 1440x900 flags: 0x6
Jun 02 09:25:29.985: mks| XINFO XFree86 VidMode 4: 1280x960 flags: 0x5
Jun 02 09:25:29.985: mks| XINFO XFree86 VidMode 5: 1152x864 flags: 0x5
Jun 02 09:25:29.985: mks| XINFO XFree86 VidMode 6: 1024x768 flags: 0x5
Jun 02 09:25:29.985: mks| XINFO XFree86 VidMode 7: 1024x768 flags: 0xa
Jun 02 09:25:29.985: mks| XINFO XFree86 VidMode 8: 1024x768 flags: 0xa
Jun 02 09:25:29.985: mks| XINFO XFree86 VidMode 9: 832x624 flags: 0xa
Jun 02 09:25:29.985: mks| XINFO XFree86 VidMode 10: 800x600 flags: 0x5
Jun 02 09:25:29.985: mks| XINFO XFree86 VidMode 11: 800x600 flags: 0x5
Jun 02 09:25:29.985: mks| XINFO XFree86 VidMode 12: 800x600 flags: 0x5
Jun 02 09:25:29.985: mks| XINFO XFree86 VidMode 13: 640x480 flags: 0xa
Jun 02 09:25:29.985: mks| XINFO XFree86 VidMode 14: 640x480 flags: 0xa
Jun 02 09:25:29.985: mks| XINFO XFree86 VidMode 15: 720x400 flags: 0x6
Jun 02 09:25:29.985: mks| KHBKL: Unable to parse keystring at: ''
Jun 02 09:25:29.988: vcpu-0| APIC: version = 0x10, max LVT = 4
Jun 02 09:25:29.988: vcpu-0| APIC: LDR = 0x2000000, DFR = 0xffffffff
Jun 02 09:25:29.991: vcpu-0| guestCpuFeatures = 0x126001fe
Jun 02 09:25:29.997: vcpu-0| FLOPPYLIB-IMAGE: Floppy geometry 80/2/18 detected from boot sector.
Jun 02 09:25:29.997: vcpu-0| Transitioned vmx/execState/val to poweredOn
Jun 02 09:25:29.998: mks| Ignoring update request in VGA_Expose (mode change pending).
Jun 02 09:25:30.008: mks| Ignoring update request in VGA_Expose (mode change pending).
Jun 02 09:25:30.018: vcpu-0| sz=3004368
Jun 02 09:25:30.029: vcpu-0| vmm32 initialized: Releasebuild-126130. cflags: 0x02000000.00000280.02000080.00000800
Jun 02 09:25:30.030: vcpu-0| Restoring VMM
Jun 02 09:25:30.030: vcpu-0| Cpt monModules(4).
Jun 02 09:25:30.030: vcpu-0| Done Cpt monModules(4).
Jun 02 09:25:30.031: vmx| CPT: monitor ACKing mode 4
Jun 02 09:25:30.031: vmx| WORKER: Creating new group with numThreads=1 (3)
Jun 02 09:25:30.031: Worker#0| MMC: Entering MM LazySave Loop
Jun 02 09:25:30.031: vcpu-0| Sync monModules(5).
Jun 02 09:25:30.031: vcpu-0| Done Sync monModules(5).
Jun 02 09:25:30.031: Worker#0| MMC: Exit MM Lazy Loop
Jun 02 09:25:30.031: vmx| CPT: monitor ACKing mode 5
Jun 02 09:25:30.047: vmx| MMC: Finished pending checkpoint op
Jun 02 09:25:30.047: vmx| DnDRegisterRpc: DnD rpc already set to 1
Jun 02 09:25:30.047: vmx| CopyPasteRegisterRpc: already set to 1
Jun 02 09:25:30.053: vcpu-0| SVGA: Registering MemSpace at 0xf0000000(0xf0000000) and 0xe8000000(0xe8000000)
Jun 02 09:25:30.056: vcpu-0| MonitorInitNumaUnmapVMM32
Jun 02 09:25:30.426: mks| KHBKL: Unable to parse keystring at: ' '
Jun 02 09:25:34.685: vmx| VMXVmdbCbVmVmxExecState: Exec state change requested to state poweredOff without reset
Jun 02 09:25:34.686: vmx| Stopping VCPU threads...
Jun 02 09:25:34.697: mks| Detaching from window system.
Jun 02 09:25:34.697: mks| Async MKS thread is exiting
Jun 02 09:25:34.698: vmx| TOOLS received request in VMX to set option 'enableDnD' -> '0'
Jun 02 09:25:34.698: vmx| TOOLS received request in VMX to set option 'copypaste' -> '0'
Jun 02 09:25:34.698: vmx| TOOLS received request in VMX to set option 'copypaste' -> '0'
Jun 02 09:25:34.700: vmx| MKS local poweroff
Jun 02 09:25:34.721: vmx| WORKER: asyncOps=1 maxActiveOps=1 maxPending=0 maxCompleted=0
Jun 02 09:25:34.726: vmx| DUMPER: Deleted checkpoint file /home/bombax/workspace/so2/MS-DOS/MS-DOS.vmss
Jun 02 09:25:34.747: vmx| Transitioned vmx/execState/val to poweredOff
Jun 02 09:25:34.967: vmx| vmdbPipe_Streams Couldn't read: OVL_STATUS_EOF
Jun 02 09:25:34.967: vmx| VMX idle exit
Jun 02 09:25:34.969: vmx| Flushing VMX VMDB connections
Jun 02 09:25:34.969: vmx| IPC_exit: disconnecting all threads
Jun 02 09:25:34.969: vmx| VMX exit (0).
